android/app/build/intermediates/manifest_merge_blame_file/release/processReleaseMainManifest/manifest-merger-blame-release-report.txt
1<?xml version="1.0" encoding="utf-8"?>
2<manifest xmlns:android="http://schemas.android.com/apk/res/android"
3    package="com.example.taskhub"
4    android:versionCode="1"
5    android:versionName="0.1.0" >
6
7    <uses-sdk
8        android:minSdkVersion="21"
9        android:targetSdkVersion="35" />
10    <!--
11         Required to query activities that can process text, see:
12         https://developer.android.com/training/package-visibility and
13         https://developer.android.com/reference/android/content/Intent#ACTION_PROCESS_TEXT.
14
15         In particular, this is used by the Flutter engine in io.flutter.plugin.text.ProcessTextPlugin.
16    -->
17    <queries>
17-->src\main\AndroidManifest.xml:39:5-44:15
18        <intent>
18-->src\main\AndroidManifest.xml:40:9-43:18
19            <action android:name="android.intent.action.PROCESS_TEXT" />
19-->src\main\AndroidManifest.xml:41:13-72
19-->src\main\AndroidManifest.xml:41:21-70
20
21            <data android:mimeType="text/plain" />
21-->src\main\AndroidManifest.xml:42:13-50
21-->src\main\AndroidManifest.xml:42:19-48
22        </intent>
23    </queries>
24
25    <uses-permission android:name="android.permission.SCHEDULE_EXACT_ALARM" />
25-->src\main\AndroidManifest.xml:45:5-78
25-->src\main\AndroidManifest.xml:45:22-76
26    <uses-permission android:name="android.permission.INTERNET" />
26-->[:firebase_messaging] AndroidManifest.xml:7:5-67
26-->[:firebase_messaging] AndroidManifest.xml:7:22-64
27    <uses-permission android:name="android.permission.WAKE_LOCK" />
27-->[:firebase_messaging] AndroidManifest.xml:8:5-68
27-->[:firebase_messaging] AndroidManifest.xml:8:22-65
28    <uses-permission android:name="android.permission.ACCESS_NETWORK_STATE" /> <!-- Permissions options for the `notification` group -->
28-->[:firebase_messaging] AndroidManifest.xml:9:5-79
28-->[:firebase_messaging] AndroidManifest.xml:9:22-76
29    <uses-permission android:name="android.permission.POST_NOTIFICATIONS" /> <!-- Required by older versions of Google Play services to create IID tokens -->
29-->[:firebase_messaging] AndroidManifest.xml:11:5-77
29-->[:firebase_messaging] AndroidManifest.xml:11:22-74
30    <uses-permission android:name="com.google.android.c2dm.permission.RECEIVE" />
30-->[com.google.firebase:firebase-messaging:23.4.1] AndroidManifest.xml:26:5-82
30-->[com.google.firebase:firebase-messaging:23.4.1] AndroidManifest.xml:26:22-79
31    <uses-permission android:name="android.permission.VIBRATE" />
31-->[:flutter_local_notifications] AndroidManifest.xml:7:5-66
31-->[:flutter_local_notifications] AndroidManifest.xml:7:22-63
32
33    <permission
33-->[androidx.core:core:1.13.1] AndroidManifest.xml:22:5-24:47
34        android:name="com.example.taskhub.DYNAMIC_RECEIVER_NOT_EXPORTED_PERMISSION"
34-->[androidx.core:core:1.13.1] AndroidManifest.xml:23:9-81
35        android:protectionLevel="signature" />
35-->[androidx.core:core:1.13.1] AndroidManifest.xml:24:9-44
36
37    <uses-permission android:name="com.example.taskhub.DYNAMIC_RECEIVER_NOT_EXPORTED_PERMISSION" />
37-->[androidx.core:core:1.13.1] AndroidManifest.xml:26:5-97
37-->[androidx.core:core:1.13.1] AndroidManifest.xml:26:22-94
38
39    <application
40        android:name="android.app.Application"
40-->src\main\AndroidManifest.xml:4:9-42
41        android:appComponentFactory="androidx.core.app.CoreComponentFactory"
41-->[androidx.core:core:1.13.1] AndroidManifest.xml:28:18-86
42        android:extractNativeLibs="true"
43        android:icon="@mipmap/ic_launcher"
43-->src\main\AndroidManifest.xml:5:9-43
44        android:label="taskhub" >
44-->src\main\AndroidManifest.xml:3:9-32
45        <activity
45-->src\main\AndroidManifest.xml:6:9-27:20
46            android:name="com.example.taskhub.MainActivity"
46-->src\main\AndroidManifest.xml:7:13-41
47            android:configChanges="orientation|keyboardHidden|keyboard|screenSize|smallestScreenSize|locale|layoutDirection|fontScale|screenLayout|density|uiMode"
47-->src\main\AndroidManifest.xml:12:13-163
48            android:exported="true"
48-->src\main\AndroidManifest.xml:8:13-36
49            android:hardwareAccelerated="true"
49-->src\main\AndroidManifest.xml:13:13-47
50            android:launchMode="singleTop"
50-->src\main\AndroidManifest.xml:9:13-43
51            android:taskAffinity=""
51-->src\main\AndroidManifest.xml:10:13-36
52            android:theme="@style/LaunchTheme"
52-->src\main\AndroidManifest.xml:11:13-47
53            android:windowSoftInputMode="adjustResize" >
53-->src\main\AndroidManifest.xml:14:13-55
54
55            <!--
56                 Specifies an Android theme to apply to this Activity as soon as
57                 the Android process has started. This theme is visible to the user
58                 while the Flutter UI initializes. After that, this theme continues
59                 to determine the Window background behind the Flutter UI.
60            -->
61            <meta-data
61-->src\main\AndroidManifest.xml:19:13-22:17
62                android:name="io.flutter.embedding.android.NormalTheme"
62-->src\main\AndroidManifest.xml:20:15-70
63                android:resource="@style/NormalTheme" />
63-->src\main\AndroidManifest.xml:21:15-52
64
65            <intent-filter>
65-->src\main\AndroidManifest.xml:23:13-26:29
66                <action android:name="android.intent.action.MAIN" />
66-->src\main\AndroidManifest.xml:24:17-68
66-->src\main\AndroidManifest.xml:24:25-66
67
68                <category android:name="android.intent.category.LAUNCHER" />
68-->src\main\AndroidManifest.xml:25:17-76
68-->src\main\AndroidManifest.xml:25:27-74
69            </intent-filter>
70        </activity>
71        <!--
72             Don't delete the meta-data below.
73             This is used by the Flutter tool to generate GeneratedPluginRegistrant.java
74        -->
75        <meta-data
75-->src\main\AndroidManifest.xml:30:9-32:33
76            android:name="flutterEmbedding"
76-->src\main\AndroidManifest.xml:31:13-44
77            android:value="2" />
77-->src\main\AndroidManifest.xml:32:13-30
78
79        <service
79-->[:firebase_messaging] AndroidManifest.xml:14:9-17:72
80            android:name="io.flutter.plugins.firebase.messaging.FlutterFirebaseMessagingBackgroundService"
80-->[:firebase_messaging] AndroidManifest.xml:15:13-107
81            android:exported="false"
81-->[:firebase_messaging] AndroidManifest.xml:16:13-37
82            android:permission="android.permission.BIND_JOB_SERVICE" />
82-->[:firebase_messaging] AndroidManifest.xml:17:13-69
83        <service
83-->[:firebase_messaging] AndroidManifest.xml:18:9-24:19
84            android:name="io.flutter.plugins.firebase.messaging.FlutterFirebaseMessagingService"
84-->[:firebase_messaging] AndroidManifest.xml:19:13-97
85            android:exported="false" >
85-->[:firebase_messaging] AndroidManifest.xml:20:13-37
86            <intent-filter>
86-->[:firebase_messaging] AndroidManifest.xml:21:13-23:29
87                <action android:name="com.google.firebase.MESSAGING_EVENT" />
87-->[:firebase_messaging] AndroidManifest.xml:22:17-78
87-->[:firebase_messaging] AndroidManifest.xml:22:25-75
88            </intent-filter>
89        </service>
90
91        <receiver
91-->[:firebase_messaging] AndroidManifest.xml:26:9-33:20
92            android:name="io.flutter.plugins.firebase.messaging.FlutterFirebaseMessagingReceiver"
92-->[:firebase_messaging] AndroidManifest.xml:27:13-98
93            android:exported="true"
93-->[:firebase_messaging] AndroidManifest.xml:28:13-36
94            android:permission="com.google.android.c2dm.permission.SEND" >
94-->[:firebase_messaging] AndroidManifest.xml:29:13-73
95            <intent-filter>
95-->[:firebase_messaging] AndroidManifest.xml:30:13-32:29
96                <action android:name="com.google.android.c2dm.intent.RECEIVE" />
96-->[:firebase_messaging] AndroidManifest.xml:31:17-81
96-->[:firebase_messaging] AndroidManifest.xml:31:25-78
97            </intent-filter>
98        </receiver>
99
100        <service
100-->[:firebase_messaging] AndroidManifest.xml:35:9-39:19
101            android:name="com.google.firebase.components.ComponentDiscoveryService"
101-->[:firebase_messaging] AndroidManifest.xml:35:18-89
102            android:directBootAware="true"
102-->[com.google.firebase:firebase-common:20.4.3] AndroidManifest.xml:32:13-43
103            android:exported="false" >
103-->[com.google.firebase:firebase-messaging:23.4.1] AndroidManifest.xml:56:13-37
104            <meta-data
104-->[:firebase_messaging] AndroidManifest.xml:36:13-38:85
105                android:name="com.google.firebase.components:io.flutter.plugins.firebase.messaging.FlutterFirebaseAppRegistrar"
105-->[:firebase_messaging] AndroidManifest.xml:37:17-128
106                android:value="com.google.firebase.components.ComponentRegistrar" />
106-->[:firebase_messaging] AndroidManifest.xml:38:17-82
107            <meta-data
107-->[:firebase_core] AndroidManifest.xml:9:13-11:85
108                android:name="com.google.firebase.components:io.flutter.plugins.firebase.core.FlutterFirebaseCoreRegistrar"
108-->[:firebase_core] AndroidManifest.xml:10:17-124
109                android:value="com.google.firebase.components.ComponentRegistrar" />
109-->[:firebase_core] AndroidManifest.xml:11:17-82
110            <meta-data
110-->[com.google.firebase:firebase-messaging:23.4.1] AndroidManifest.xml:57:13-59:85
111                android:name="com.google.firebase.components:com.google.firebase.messaging.FirebaseMessagingKtxRegistrar"
111-->[com.google.firebase:firebase-messaging:23.4.1] AndroidManifest.xml:58:17-122
112                android:value="com.google.firebase.components.ComponentRegistrar" />
112-->[com.google.firebase:firebase-messaging:23.4.1] AndroidManifest.xml:59:17-82
113            <meta-data
113-->[com.google.firebase:firebase-messaging:23.4.1] AndroidManifest.xml:60:13-62:85
114                android:name="com.google.firebase.components:com.google.firebase.messaging.FirebaseMessagingRegistrar"
114-->[com.google.firebase:firebase-messaging:23.4.1] AndroidManifest.xml:61:17-119
115                android:value="com.google.firebase.components.ComponentRegistrar" />
115-->[com.google.firebase:firebase-messaging:23.4.1] AndroidManifest.xml:62:17-82
116            <meta-data
116-->[com.google.firebase:firebase-iid:21.1.0] AndroidManifest.xml:32:13-34:85
117                android:name="com.google.firebase.components:com.google.firebase.iid.Registrar"
117-->[com.google.firebase:firebase-iid:21.1.0] AndroidManifest.xml:33:17-96
118                android:value="com.google.firebase.components.ComponentRegistrar" />
118-->[com.google.firebase:firebase-iid:21.1.0] AndroidManifest.xml:34:17-82
119            <meta-data
119-->[com.google.firebase:firebase-installations:17.2.0] AndroidManifest.xml:15:13-17:85
120                android:name="com.google.firebase.components:com.google.firebase.installations.FirebaseInstallationsKtxRegistrar"
120-->[com.google.firebase:firebase-installations:17.2.0] AndroidManifest.xml:16:17-130
121                android:value="com.google.firebase.components.ComponentRegistrar" />
121-->[com.google.firebase:firebase-installations:17.2.0] AndroidManifest.xml:17:17-82
122            <meta-data
122-->[com.google.firebase:firebase-installations:17.2.0] AndroidManifest.xml:18:13-20:85
123                android:name="com.google.firebase.components:com.google.firebase.installations.FirebaseInstallationsRegistrar"
123-->[com.google.firebase:firebase-installations:17.2.0] AndroidManifest.xml:19:17-127
124                android:value="com.google.firebase.components.ComponentRegistrar" />
124-->[com.google.firebase:firebase-installations:17.2.0] AndroidManifest.xml:20:17-82
125            <meta-data
125-->[com.google.firebase:firebase-common-ktx:20.4.3] AndroidManifest.xml:12:13-14:85
126                android:name="com.google.firebase.components:com.google.firebase.ktx.FirebaseCommonLegacyRegistrar"
126-->[com.google.firebase:firebase-common-ktx:20.4.3] AndroidManifest.xml:13:17-116
127                android:value="com.google.firebase.components.ComponentRegistrar" />
127-->[com.google.firebase:firebase-common-ktx:20.4.3] AndroidManifest.xml:14:17-82
128            <meta-data
128-->[com.google.firebase:firebase-common:20.4.3] AndroidManifest.xml:35:13-37:85
129                android:name="com.google.firebase.components:com.google.firebase.FirebaseCommonKtxRegistrar"
129-->[com.google.firebase:firebase-common:20.4.3] AndroidManifest.xml:36:17-109
130                android:value="com.google.firebase.components.ComponentRegistrar" />
130-->[com.google.firebase:firebase-common:20.4.3] AndroidManifest.xml:37:17-82
131            <meta-data
131-->[com.google.firebase:firebase-datatransport:18.1.7] AndroidManifest.xml:27:13-29:85
132                android:name="com.google.firebase.components:com.google.firebase.datatransport.TransportRegistrar"
132-->[com.google.firebase:firebase-datatransport:18.1.7] AndroidManifest.xml:28:17-115
133                android:value="com.google.firebase.components.ComponentRegistrar" />
133-->[com.google.firebase:firebase-datatransport:18.1.7] AndroidManifest.xml:29:17-82
134        </service>
135
136        <provider
136-->[:firebase_messaging] AndroidManifest.xml:41:9-45:38
137            android:name="io.flutter.plugins.firebase.messaging.FlutterFirebaseMessagingInitProvider"
137-->[:firebase_messaging] AndroidManifest.xml:42:13-102
138            android:authorities="com.example.taskhub.flutterfirebasemessaginginitprovider"
138-->[:firebase_messaging] AndroidManifest.xml:43:13-88
139            android:exported="false"
139-->[:firebase_messaging] AndroidManifest.xml:44:13-37
140            android:initOrder="99" />
140-->[:firebase_messaging] AndroidManifest.xml:45:13-35
141
142        <receiver
142-->[com.google.firebase:firebase-messaging:23.4.1] AndroidManifest.xml:29:9-40:20
143            android:name="com.google.firebase.iid.FirebaseInstanceIdReceiver"
143-->[com.google.firebase:firebase-messaging:23.4.1] AndroidManifest.xml:30:13-78
144            android:exported="true"
144-->[com.google.firebase:firebase-messaging:23.4.1] AndroidManifest.xml:31:13-36
145            android:permission="com.google.android.c2dm.permission.SEND" >
145-->[com.google.firebase:firebase-messaging:23.4.1] AndroidManifest.xml:32:13-73
146            <intent-filter>
146-->[:firebase_messaging] AndroidManifest.xml:30:13-32:29
147                <action android:name="com.google.android.c2dm.intent.RECEIVE" />
147-->[:firebase_messaging] AndroidManifest.xml:31:17-81
147-->[:firebase_messaging] AndroidManifest.xml:31:25-78
148            </intent-filter>
149
150            <meta-data
150-->[com.google.firebase:firebase-messaging:23.4.1] AndroidManifest.xml:37:13-39:40
151                android:name="com.google.android.gms.cloudmessaging.FINISHED_AFTER_HANDLED"
151-->[com.google.firebase:firebase-messaging:23.4.1] AndroidManifest.xml:38:17-92
152                android:value="true" />
152-->[com.google.firebase:firebase-messaging:23.4.1] AndroidManifest.xml:39:17-37
153        </receiver>
154        <!--
155             FirebaseMessagingService performs security checks at runtime,
156             but set to not exported to explicitly avoid allowing another app to call it.
157        -->
158        <service
158-->[com.google.firebase:firebase-messaging:23.4.1] AndroidManifest.xml:46:9-53:19
159            android:name="com.google.firebase.messaging.FirebaseMessagingService"
159-->[com.google.firebase:firebase-messaging:23.4.1] AndroidManifest.xml:47:13-82
160            android:directBootAware="true"
160-->[com.google.firebase:firebase-messaging:23.4.1] AndroidManifest.xml:48:13-43
161            android:exported="false" >
161-->[com.google.firebase:firebase-messaging:23.4.1] AndroidManifest.xml:49:13-37
162            <intent-filter android:priority="-500" >
162-->[:firebase_messaging] AndroidManifest.xml:21:13-23:29
163                <action android:name="com.google.firebase.MESSAGING_EVENT" />
163-->[:firebase_messaging] AndroidManifest.xml:22:17-78
163-->[:firebase_messaging] AndroidManifest.xml:22:25-75
164            </intent-filter>
165        </service>
166
167        <uses-library
167-->[androidx.window:window:1.2.0] AndroidManifest.xml:23:9-25:40
168            android:name="androidx.window.extensions"
168-->[androidx.window:window:1.2.0] AndroidManifest.xml:24:13-54
169            android:required="false" />
169-->[androidx.window:window:1.2.0] AndroidManifest.xml:25:13-37
170        <uses-library
170-->[androidx.window:window:1.2.0] AndroidManifest.xml:26:9-28:40
171            android:name="androidx.window.sidecar"
171-->[androidx.window:window:1.2.0] AndroidManifest.xml:27:13-51
172            android:required="false" />
172-->[androidx.window:window:1.2.0] AndroidManifest.xml:28:13-37
173
174        <activity
174-->[com.google.android.gms:play-services-base:18.0.1] AndroidManifest.xml:20:9-22:45
175            android:name="com.google.android.gms.common.api.GoogleApiActivity"
175-->[com.google.android.gms:play-services-base:18.0.1] AndroidManifest.xml:20:19-85
176            android:exported="false"
176-->[com.google.android.gms:play-services-base:18.0.1] AndroidManifest.xml:22:19-43
177            android:theme="@android:style/Theme.Translucent.NoTitleBar" />
177-->[com.google.android.gms:play-services-base:18.0.1] AndroidManifest.xml:21:19-78
178
179        <provider
179-->[com.google.firebase:firebase-common:20.4.3] AndroidManifest.xml:23:9-28:39
180            android:name="com.google.firebase.provider.FirebaseInitProvider"
180-->[com.google.firebase:firebase-common:20.4.3] AndroidManifest.xml:24:13-77
181            android:authorities="com.example.taskhub.firebaseinitprovider"
181-->[com.google.firebase:firebase-common:20.4.3] AndroidManifest.xml:25:13-72
182            android:directBootAware="true"
182-->[com.google.firebase:firebase-common:20.4.3] AndroidManifest.xml:26:13-43
183            android:exported="false"
183-->[com.google.firebase:firebase-common:20.4.3] AndroidManifest.xml:27:13-37
184            android:initOrder="100" />
184-->[com.google.firebase:firebase-common:20.4.3] AndroidManifest.xml:28:13-36
185
186        <meta-data
186-->[com.google.android.gms:play-services-basement:18.3.0] AndroidManifest.xml:21:9-23:69
187            android:name="com.google.android.gms.version"
187-->[com.google.android.gms:play-services-basement:18.3.0] AndroidManifest.xml:22:13-58
188            android:value="@integer/google_play_services_version" />
188-->[com.google.android.gms:play-services-basement:18.3.0] AndroidManifest.xml:23:13-66
189
190        <provider
190-->[androidx.lifecycle:lifecycle-process:2.7.0] AndroidManifest.xml:24:9-32:20
191            android:name="androidx.startup.InitializationProvider"
191-->[androidx.lifecycle:lifecycle-process:2.7.0] AndroidManifest.xml:25:13-67
192            android:authorities="com.example.taskhub.androidx-startup"
192-->[androidx.lifecycle:lifecycle-process:2.7.0] AndroidManifest.xml:26:13-68
193            android:exported="false" >
193-->[androidx.lifecycle:lifecycle-process:2.7.0] AndroidManifest.xml:27:13-37
194            <meta-data
194-->[androidx.lifecycle:lifecycle-process:2.7.0] AndroidManifest.xml:29:13-31:52
195                android:name="androidx.lifecycle.ProcessLifecycleInitializer"
195-->[androidx.lifecycle:lifecycle-process:2.7.0] AndroidManifest.xml:30:17-78
196                android:value="androidx.startup" />
196-->[androidx.lifecycle:lifecycle-process:2.7.0] AndroidManifest.xml:31:17-49
197            <meta-data
197-->[androidx.profileinstaller:profileinstaller:1.3.1] AndroidManifest.xml:29:13-31:52
198                android:name="androidx.profileinstaller.ProfileInstallerInitializer"
198-->[androidx.profileinstaller:profileinstaller:1.3.1] AndroidManifest.xml:30:17-85
199                android:value="androidx.startup" />
199-->[androidx.profileinstaller:profileinstaller:1.3.1] AndroidManifest.xml:31:17-49
200        </provider>
201
202        <receiver
202-->[androidx.profileinstaller:profileinstaller:1.3.1] AndroidManifest.xml:34:9-52:20
203            android:name="androidx.profileinstaller.ProfileInstallReceiver"
203-->[androidx.profileinstaller:profileinstaller:1.3.1] AndroidManifest.xml:35:13-76
204            android:directBootAware="false"
204-->[androidx.profileinstaller:profileinstaller:1.3.1] AndroidManifest.xml:36:13-44
205            android:enabled="true"
205-->[androidx.profileinstaller:profileinstaller:1.3.1] AndroidManifest.xml:37:13-35
206            android:exported="true"
206-->[androidx.profileinstaller:profileinstaller:1.3.1] AndroidManifest.xml:38:13-36
207            android:permission="android.permission.DUMP" >
207-->[androidx.profileinstaller:profileinstaller:1.3.1] AndroidManifest.xml:39:13-57
208            <intent-filter>
208-->[androidx.profileinstaller:profileinstaller:1.3.1] AndroidManifest.xml:40:13-42:29
209                <action android:name="androidx.profileinstaller.action.INSTALL_PROFILE" />
209-->[androidx.profileinstaller:profileinstaller:1.3.1] AndroidManifest.xml:41:17-91
209-->[androidx.profileinstaller:profileinstaller:1.3.1] AndroidManifest.xml:41:25-88
210            </intent-filter>
211            <intent-filter>
211-->[androidx.profileinstaller:profileinstaller:1.3.1] AndroidManifest.xml:43:13-45:29
212                <action android:name="androidx.profileinstaller.action.SKIP_FILE" />
212-->[androidx.profileinstaller:profileinstaller:1.3.1] AndroidManifest.xml:44:17-85
212-->[androidx.profileinstaller:profileinstaller:1.3.1] AndroidManifest.xml:44:25-82
213            </intent-filter>
214            <intent-filter>
214-->[androidx.profileinstaller:profileinstaller:1.3.1] AndroidManifest.xml:46:13-48:29
215                <action android:name="androidx.profileinstaller.action.SAVE_PROFILE" />
215-->[androidx.profileinstaller:profileinstaller:1.3.1] AndroidManifest.xml:47:17-88
215-->[androidx.profileinstaller:profileinstaller:1.3.1] AndroidManifest.xml:47:25-85
216            </intent-filter>
217            <intent-filter>
217-->[androidx.profileinstaller:profileinstaller:1.3.1] AndroidManifest.xml:49:13-51:29
218                <action android:name="androidx.profileinstaller.action.BENCHMARK_OPERATION" />
218-->[androidx.profileinstaller:profileinstaller:1.3.1] AndroidManifest.xml:50:17-95
218-->[androidx.profileinstaller:profileinstaller:1.3.1] AndroidManifest.xml:50:25-92
219            </intent-filter>
220        </receiver>
221
222        <service
222-->[com.google.android.datatransport:transport-backend-cct:3.1.8] AndroidManifest.xml:28:9-34:19
223            android:name="com.google.android.datatransport.runtime.backends.TransportBackendDiscovery"
223-->[com.google.android.datatransport:transport-backend-cct:3.1.8] AndroidManifest.xml:29:13-103
224            android:exported="false" >
224-->[com.google.android.datatransport:transport-backend-cct:3.1.8] AndroidManifest.xml:30:13-37
225            <meta-data
225-->[com.google.android.datatransport:transport-backend-cct:3.1.8] AndroidManifest.xml:31:13-33:39
226                android:name="backend:com.google.android.datatransport.cct.CctBackendFactory"
226-->[com.google.android.datatransport:transport-backend-cct:3.1.8] AndroidManifest.xml:32:17-94
227                android:value="cct" />
227-->[com.google.android.datatransport:transport-backend-cct:3.1.8] AndroidManifest.xml:33:17-36
228        </service>
229        <service
229-->[com.google.android.datatransport:transport-runtime:3.1.8] AndroidManifest.xml:26:9-30:19
230            android:name="com.google.android.datatransport.runtime.scheduling.jobscheduling.JobInfoSchedulerService"
230-->[com.google.android.datatransport:transport-runtime:3.1.8] AndroidManifest.xml:27:13-117
231            android:exported="false"
231-->[com.google.android.datatransport:transport-runtime:3.1.8] AndroidManifest.xml:28:13-37
232            android:permission="android.permission.BIND_JOB_SERVICE" >
232-->[com.google.android.datatransport:transport-runtime:3.1.8] AndroidManifest.xml:29:13-69
233        </service>
234
235        <receiver
235-->[com.google.android.datatransport:transport-runtime:3.1.8] AndroidManifest.xml:32:9-34:40
236            android:name="com.google.android.datatransport.runtime.scheduling.jobscheduling.AlarmManagerSchedulerBroadcastReceiver"
236-->[com.google.android.datatransport:transport-runtime:3.1.8] AndroidManifest.xml:33:13-132
237            android:exported="false" />
237-->[com.google.android.datatransport:transport-runtime:3.1.8] AndroidManifest.xml:34:13-37
238    </application>
239
240</manifest>